<testsuite name="Mocha Tests" tests="42" failures="0" errors="0" skipped="0" timestamp="Thu, 11 Jun 2020 11:37:07 GMT" time="0.103">
<testcase classname="Books with expect API GET /api/books" name="it should GET all the books" time="0.016"/>
<testcase classname="Books with expect API GET /api/books" name="it should not GET all the books" time="0.003"/>
<testcase classname="Books with expect API POST /api/books" name="it should POST a new book" time="0.009"/>
<testcase classname="Books with expect API POST /api/books" name="it should NOT POST a new book without pages field" time="0.002"/>
<testcase classname="Books with expect API GET /api/books/:id" name="it should GET a book by the given id" time="0.001"/>
<testcase classname="Books with expect API GET /api/books/:id" name="it should NOT GET a book by the given id" time="0.002"/>
<testcase classname="Books with expect API PUT /api/books/:id" name="it should REPLACE a book given the id" time="0.003"/>
<testcase classname="Books with expect API PATCH /api/books/:id" name="it should UPDATE a book given the id" time="0.003"/>
<testcase classname="Books API GET /api/books" name="it should GET all the books" time="0.001"/>
<testcase classname="Books API GET /api/books" name="it should not GET all the books" time="0.002"/>
<testcase classname="Books API POST /api/books" name="it should POST a new book" time="0.002"/>
<testcase classname="Books API POST /api/books" name="it should NOT POST a new book without pages field" time="0.001"/>
<testcase classname="Books API GET /api/books/:id" name="it should GET a book by the given id" time="0.001"/>
<testcase classname="Books API GET /api/books/:id" name="it should NOT GET a book by the given id" time="0.001"/>
<testcase classname="Books API PUT /api/books/:id" name="it should REPLACE a book given the id" time="0.002"/>
<testcase classname="Books API PATCH /api/books/:id" name="it should UPDATE a book given the id" time="0.002"/>
<testcase classname="Books API DELETE /api/books/:id" name="it should DELETE a book given the id" time="0.002"/>
<testcase classname="Customers API GET /api/customers" name="it should GET all the customers" time="0.001"/>
<testcase classname="Customers API GET /api/customers" name="it should not GET all the customers" time="0.001"/>
<testcase classname="Customers API POST /api/customers" name="it should POST a new customer" time="0.003"/>
<testcase classname="Customers API POST /api/customers" name="it should NOT POST a new customer without age field" time="0.001"/>
<testcase classname="Customers API GET /api/customers/:id" name="it should GET a customer by the given id" time="0"/>
<testcase classname="Customers API GET /api/customers/:id" name="it should NOT GET a customer by the given id" time="0.001"/>
<testcase classname="Customers API PUT /api/customers/:id" name="it should REPLACE a customer given the id" time="0.002"/>
<testcase classname="Customers API DELETE /api/customers/:id" name="it should DELETE a customer given the id" time="0.002"/>
<testcase classname="Tasks API GET /api/tasks" name="it should GET all the tasks" time="0.001"/>
<testcase classname="Tasks API GET /api/tasks" name="it should not GET all the tasks" time="0.001"/>
<testcase classname="Tasks API POST /api/tasks" name="it should POST a new task" time="0.002"/>
<testcase classname="Tasks API POST /api/tasks" name="it should NOT POST a new task without completed field" time="0.001"/>
<testcase classname="Tasks API GET /api/tasks/:id" name="it should GET a task by the given id" time="0"/>
<testcase classname="Tasks API GET /api/tasks/:id" name="it should NOT GET a task by the given id" time="0"/>
<testcase classname="Tasks API PUT /api/tasks/:id" name="it should REPLACE a task given the id" time="0.001"/>
<testcase classname="Tasks API PATCH /api/tasks/:id" name="it should UPDATE a task given the id" time="0.002"/>
<testcase classname="Tasks API DELETE /api/tasks/:id" name="it should DELETE a task given the id" time="0.002"/>
<testcase classname="Users API GET /api/users" name="it should GET all the users" time="0.001"/>
<testcase classname="Users API GET /api/users" name="it should not GET all the users" time="0.001"/>
<testcase classname="Users API POST /api/users" name="it should POST a new user" time="0.003"/>
<testcase classname="Users API POST /api/users" name="it should NOT POST a new user without password field" time="0.001"/>
<testcase classname="Users API GET /api/users/:id" name="it should GET a user by the given id" time="0.001"/>
<testcase classname="Users API GET /api/users/:id" name="it should NOT GET a user by the given id" time="0.001"/>
<testcase classname="Users API PUT /api/users/:id" name="it should REPLACE a user given the id" time="0.002"/>
<testcase classname="Users API DELETE /api/users/:id" name="it should DELETE a user given the id" time="0.002"/>
</testsuite>
